<?xml version="1.0" encoding="UTF-8"?>
<!-- Generated by org.testng.reporters.JUnitXMLReporter -->
<testsuite ignored="0" hostname="DESKTOP-ABVKG8B" failures="0" tests="3" name="Surefire test" time="0.118" errors="0" timestamp="2021-08-14T16:44:27 IST">
  <testcase classname="mavenTestpackage.AppiumTest" name="firstTest" time="0.008"/>
  <testcase classname="mavenTestpackage.AppiumTest" name="secondTest" time="0.001"/>
  <testcase classname="mavenTestpackage.RestAPITest" name="first" time="0.001"/>
</testsuite> <!-- Surefire test -->
