<?xml version="1.0" encoding="UTF-8"?>
<testng-results ignored="0" total="2" passed="2" failed="0" skipped="0">
  <reporter-output>
  </reporter-output>
  <suite started-at="2021-08-14T17:14:05 IST" name="Suite" finished-at="2021-08-14T17:14:05 IST" duration-ms="130">
    <groups>
    </groups>
    <test started-at="2021-08-14T17:14:05 IST" name="Test" finished-at="2021-08-14T17:14:05 IST" duration-ms="130">
      <class name="mavenTestpackage.AppiumTest">
        <test-method signature="firstTest()[pri:0, instance:mavenTestpackage.AppiumTest@45018215]" started-at="2021-08-14T17:14:05 IST" name="firstTest" finished-at="2021-08-14T17:14:05 IST" duration-ms="13" status="PASS">
          <reporter-output>
          </reporter-output>
        </test-method> <!-- firstTest -->
        <test-method signature="secondTest()[pri:0, instance:mavenTestpackage.AppiumTest@45018215]" started-at="2021-08-14T17:14:05 IST" name="secondTest" finished-at="2021-08-14T17:14:05 IST" duration-ms="1" status="PASS">
          <reporter-output>
          </reporter-output>
        </test-method> <!-- secondTest -->
      </class> <!-- mavenTestpackage.AppiumTest -->
    </test> <!-- Test -->
  </suite> <!-- Suite -->
</testng-results>
