<?xml version="1.0" encoding="UTF-8"?>
<testsuite xmlns:xsi="http://www.w3.org/2001/XMLSchema-instance" xsi:noNamespaceSchemaLocation="https://maven.apache.org/surefire/maven-surefire-plugin/xsd/surefire-test-report-3.0.xsd" version="3.0" name="TestSuite" time="2.049" tests="2" errors="0" skipped="0" failures="0">
  <properties>
[...]
</properties>
  <testcase name="firstTest" classname="mavenTestpackage.AppiumTest" time="0.016">
    <system-out><![CDATA[First Test
]]></system-out>
  </testcase>
  <testcase name="secondTest" classname="mavenTestpackage.AppiumTest" time="0.001">
    <system-out><![CDATA[Second Test
]]></system-out>
  </testcase>
</testsuite>