<?xml version="1.0" encoding="UTF-8"?>
<testng-results ignored="0" total="1" passed="1" failed="0" skipped="0">
  <reporter-output>
  </reporter-output>
  <suite started-at="2021-08-16T13:06:58 IST" name="Default suite" finished-at="2021-08-16T13:07:55 IST" duration-ms="57212">
    <groups>
    </groups>
    <test started-at="2021-08-16T13:06:58 IST" name="Default test" finished-at="2021-08-16T13:07:55 IST" duration-ms="57212">
      <class name="mavenTestpackage.ExtentReportDetmo">
        <test-method is-config="true" signature="Report()[pri:0, instance:mavenTestpackage.ExtentReportDetmo@25fb8912]" started-at="2021-08-16T13:06:58 IST" name="Report" finished-at="2021-08-16T13:06:59 IST" duration-ms="1089" status="PASS">
          <reporter-output>
          </reporter-output>
        </test-method> <!-- Report -->
        <test-method signature="inintalDemo()[pri:0, instance:mavenTestpackage.ExtentReportDetmo@25fb8912]" started-at="2021-08-16T13:06:59 IST" name="inintalDemo" finished-at="2021-08-16T13:07:55 IST" duration-ms="56029" status="PASS">
          <reporter-output>
          </reporter-output>
        </test-method> <!-- inintalDemo -->
      </class> <!-- mavenTestpackage.ExtentReportDetmo -->
    </test> <!-- Default test -->
  </suite> <!-- Default suite -->
</testng-results>
